<?xml version="1.0" encoding="UTF-8"?>
<!-- Generated by org.testng.reporters.JUnitReportReporter -->
<testsuite hostname="UK01989" failures="0" tests="15" name="com.newtours.tests.BookFlightTest" time="71.097" errors="0" timestamp="16 May 2019 10:14:31 GMT" skipped="0">
  <testcase classname="com.newtours.tests.BookFlightTest" name="flightDetailsPage" time="1.130"/>
  <testcase classname="com.newtours.tests.BookFlightTest" name="flightDetailsPage" time="1.148"/>
  <testcase classname="com.newtours.tests.BookFlightTest" name="findFlightPage" time="1.930"/>
  <testcase classname="com.newtours.tests.BookFlightTest" name="registrationConfirmationPage" time="18.705"/>
  <testcase classname="com.newtours.tests.BookFlightTest" name="flightConfirmationPage" time="1.134"/>
  <testcase classname="com.newtours.tests.BookFlightTest" name="findFlightPage" time="1.860"/>
  <testcase classname="com.newtours.tests.BookFlightTest" name="registrationPage" time="7.386"/>
  <testcase classname="com.newtours.tests.BookFlightTest" name="flightConfirmationPage" time="1.124"/>
  <testcase classname="com.newtours.tests.BookFlightTest" name="registrationPage" time="4.822"/>
  <testcase classname="com.newtours.tests.BookFlightTest" name="flightConfirmationPage" time="1.507"/>
  <testcase classname="com.newtours.tests.BookFlightTest" name="findFlightPage" time="1.716"/>
  <testcase classname="com.newtours.tests.BookFlightTest" name="flightDetailsPage" time="1.102"/>
  <testcase classname="com.newtours.tests.BookFlightTest" name="registrationConfirmationPage" time="19.334"/>
  <testcase classname="com.newtours.tests.BookFlightTest" name="registrationConfirmationPage" time="1.068"/>
  <testcase classname="com.newtours.tests.BookFlightTest" name="registrationPage" time="7.131"/>
</testsuite> <!-- com.newtours.tests.BookFlightTest -->
